{"/Users/adelekeayobami/Documents/Sycamore-test/src/app.ts": {"path":"/Users/adelekeayobami/Documents/Sycamore-test/src/app.ts","statementMap":{"0":{"start":{"line":1,"column":0},"end":{"line":1,"column":30}},"1":{"start":{"line":2,"column":0},"end":{"line":2,"column":46}},"2":{"start":{"line":6,"column":12},"end":{"line":6,"column":21}},"3":{"start":{"line":7,"column":0},"end":{"line":7,"column":24}},"4":{"start":{"line":11,"column":0},"end":{"line":11,"column":24}},"5":{"start":{"line":12,"column":0},"end":{"line":12,"column":31}},"6":{"start":{"line":31,"column":0},"end":{"line":31,"column":19}}},"fnMap":{},"branchMap":{},"s":{"0":0,"1":0,"2":0,"3":0,"4":0,"5":0,"6":0},"f":{},"b":{}}
,"/Users/adelekeayobami/Documents/Sycamore-test/src/server.ts": {"path":"/Users/adelekeayobami/Documents/Sycamore-test/src/server.ts","statementMap":{"0":{"start":{"line":1,"column":0},"end":{"line":1,"column":28}},"1":{"start":{"line":2,"column":0},"end":{"line":2,"column":16}},"2":{"start":{"line":4,"column":0},"end":{"line":4,"column":24}},"3":{"start":{"line":5,"column":0},"end":{"line":5,"column":46}},"4":{"start":{"line":6,"column":0},"end":{"line":6,"column":46}},"5":{"start":{"line":10,"column":13},"end":{"line":10,"column":37}},"6":{"start":{"line":12,"column":14},"end":{"line":22,"column":1}},"7":{"start":{"line":13,"column":2},"end":{"line":13,"column":20}},"8":{"start":{"line":16,"column":0},"end":{"line":16,"column":21}},"9":{"start":{"line":19,"column":2},"end":{"line":21,"column":5}},"10":{"start":{"line":20,"column":4},"end":{"line":20,"column":65}},"11":{"start":{"line":24,"column":0},"end":{"line":24,"column":8}}},"fnMap":{"0":{"name":"(anonymous_1)","decl":{"start":{"line":12,"column":14},"end":{"line":12,"column":19}},"loc":{"start":{"line":12,"column":25},"end":{"line":22,"column":1}}},"1":{"name":"(anonymous_2)","decl":{"start":{"line":19,"column":19},"end":{"line":19,"column":22}},"loc":{"start":{"line":19,"column":24},"end":{"line":21,"column":3}}}},"branchMap":{"0":{"loc":{"start":{"line":10,"column":13},"end":{"line":10,"column":37}},"type":"binary-expr","locations":[{"start":{"line":10,"column":13},"end":{"line":10,"column":29}},{"start":{"line":10,"column":33},"end":{"line":10,"column":37}}]}},"s":{"0":0,"1":0,"2":0,"3":0,"4":0,"5":0,"6":0,"7":0,"8":0,"9":0,"10":0,"11":0},"f":{"0":0,"1":0},"b":{"0":[0,0]}}
,"/Users/adelekeayobami/Documents/Sycamore-test/src/config/database.ts": {"path":"/Users/adelekeayobami/Documents/Sycamore-test/src/config/database.ts","statementMap":{"0":{"start":{"line":1,"column":0},"end":{"line":1,"column":38}},"1":{"start":{"line":2,"column":0},"end":{"line":2,"column":28}},"2":{"start":{"line":3,"column":0},"end":{"line":3,"column":24}},"3":{"start":{"line":5,"column":0},"end":{"line":5,"column":16}},"4":{"start":{"line":8,"column":12},"end":{"line":8,"column":49}},"5":{"start":{"line":10,"column":15},"end":{"line":10,"column":78}},"6":{"start":{"line":15,"column":13},"end":{"line":25,"column":2}},"7":{"start":{"line":26,"column":25},"end":{"line":34,"column":1}},"8":{"start":{"line":27,"column":2},"end":{"line":33,"column":3}},"9":{"start":{"line":28,"column":4},"end":{"line":28,"column":35}},"10":{"start":{"line":29,"column":4},"end":{"line":29,"column":49}},"11":{"start":{"line":31,"column":4},"end":{"line":31,"column":48}},"12":{"start":{"line":32,"column":4},"end":{"line":32,"column":20}},"13":{"start":{"line":26,"column":13},"end":{"line":26,"column":25}}},"fnMap":{"0":{"name":"(anonymous_1)","decl":{"start":{"line":26,"column":25},"end":{"line":26,"column":30}},"loc":{"start":{"line":26,"column":36},"end":{"line":34,"column":1}}}},"branchMap":{"0":{"loc":{"start":{"line":8,"column":12},"end":{"line":8,"column":49}},"type":"binary-expr","locations":[{"start":{"line":8,"column":12},"end":{"line":8,"column":32}},{"start":{"line":8,"column":36},"end":{"line":8,"column":49}}]}},"s":{"0":1,"1":1,"2":1,"3":1,"4":1,"5":1,"6":1,"7":1,"8":0,"9":0,"10":0,"11":0,"12":0,"13":1},"f":{"0":0},"b":{"0":[1,0]}}
,"/Users/adelekeayobami/Documents/Sycamore-test/src/config/redis.ts": {"path":"/Users/adelekeayobami/Documents/Sycamore-test/src/config/redis.ts","statementMap":{"0":{"start":{"line":1,"column":0},"end":{"line":1,"column":37}},"1":{"start":{"line":3,"column":13},"end":{"line":5,"column":3}},"2":{"start":{"line":7,"column":0},"end":{"line":9,"column":3}},"3":{"start":{"line":8,"column":2},"end":{"line":8,"column":43}},"4":{"start":{"line":11,"column":28},"end":{"line":16,"column":1}},"5":{"start":{"line":12,"column":2},"end":{"line":15,"column":3}},"6":{"start":{"line":13,"column":4},"end":{"line":13,"column":32}},"7":{"start":{"line":14,"column":4},"end":{"line":14,"column":37}},"8":{"start":{"line":11,"column":13},"end":{"line":11,"column":28}}},"fnMap":{"0":{"name":"(anonymous_0)","decl":{"start":{"line":7,"column":24},"end":{"line":7,"column":25}},"loc":{"start":{"line":7,"column":32},"end":{"line":9,"column":1}}},"1":{"name":"(anonymous_1)","decl":{"start":{"line":11,"column":28},"end":{"line":11,"column":33}},"loc":{"start":{"line":11,"column":39},"end":{"line":16,"column":1}}}},"branchMap":{"0":{"loc":{"start":{"line":12,"column":2},"end":{"line":15,"column":3}},"type":"if","locations":[{"start":{"line":12,"column":2},"end":{"line":15,"column":3}},{"start":{},"end":{}}]}},"s":{"0":0,"1":0,"2":0,"3":0,"4":0,"5":0,"6":0,"7":0,"8":0},"f":{"0":0,"1":0},"b":{"0":[0,0]}}
,"/Users/adelekeayobami/Documents/Sycamore-test/src/controller/transfer.controller.ts": {"path":"/Users/adelekeayobami/Documents/Sycamore-test/src/controller/transfer.controller.ts","statementMap":{"0":{"start":{"line":2,"column":0},"end":{"line":2,"column":63}},"1":{"start":{"line":4,"column":34},"end":{"line":23,"column":1}},"2":{"start":{"line":5,"column":2},"end":{"line":22,"column":3}},"3":{"start":{"line":6,"column":65},"end":{"line":6,"column":73}},"4":{"start":{"line":8,"column":4},"end":{"line":10,"column":5}},"5":{"start":{"line":9,"column":6},"end":{"line":9,"column":72}},"6":{"start":{"line":12,"column":24},"end":{"line":17,"column":6}},"7":{"start":{"line":19,"column":4},"end":{"line":19,"column":45}},"8":{"start":{"line":21,"column":4},"end":{"line":21,"column":56}},"9":{"start":{"line":4,"column":13},"end":{"line":4,"column":34}}},"fnMap":{"0":{"name":"(anonymous_0)","decl":{"start":{"line":4,"column":34},"end":{"line":4,"column":39}},"loc":{"start":{"line":4,"column":72},"end":{"line":23,"column":1}}}},"branchMap":{"0":{"loc":{"start":{"line":8,"column":4},"end":{"line":10,"column":5}},"type":"if","locations":[{"start":{"line":8,"column":4},"end":{"line":10,"column":5}},{"start":{},"end":{}}]},"1":{"loc":{"start":{"line":8,"column":8},"end":{"line":8,"column":66}},"type":"binary-expr","locations":[{"start":{"line":8,"column":8},"end":{"line":8,"column":21}},{"start":{"line":8,"column":25},"end":{"line":8,"column":36}},{"start":{"line":8,"column":40},"end":{"line":8,"column":47}},{"start":{"line":8,"column":51},"end":{"line":8,"column":66}}]}},"s":{"0":0,"1":0,"2":0,"3":0,"4":0,"5":0,"6":0,"7":0,"8":0,"9":0},"f":{"0":0},"b":{"0":[0,0],"1":[0,0,0,0]}}
,"/Users/adelekeayobami/Documents/Sycamore-test/src/models/transactionlog.ts": {"path":"/Users/adelekeayobami/Documents/Sycamore-test/src/models/transactionlog.ts","statementMap":{"0":{"start":{"line":1,"column":0},"end":{"line":1,"column":55}},"1":{"start":{"line":2,"column":0},"end":{"line":2,"column":47}},"2":{"start":{"line":20,"column":0},"end":{"line":20,"column":13}},"3":{"start":{"line":34,"column":0},"end":{"line":89,"column":2}}},"fnMap":{},"branchMap":{},"s":{"0":1,"1":1,"2":1,"3":1},"f":{},"b":{}}
,"/Users/adelekeayobami/Documents/Sycamore-test/src/models/wallets.ts": {"path":"/Users/adelekeayobami/Documents/Sycamore-test/src/models/wallets.ts","statementMap":{"0":{"start":{"line":1,"column":0},"end":{"line":1,"column":55}},"1":{"start":{"line":2,"column":0},"end":{"line":2,"column":47}},"2":{"start":{"line":18,"column":0},"end":{"line":18,"column":13}},"3":{"start":{"line":29,"column":0},"end":{"line":71,"column":2}}},"fnMap":{},"branchMap":{},"s":{"0":1,"1":1,"2":1,"3":1},"f":{},"b":{}}
,"/Users/adelekeayobami/Documents/Sycamore-test/src/repository/redis.repo.ts": {"path":"/Users/adelekeayobami/Documents/Sycamore-test/src/repository/redis.repo.ts","statementMap":{"0":{"start":{"line":1,"column":0},"end":{"line":1,"column":46}},"1":{"start":{"line":3,"column":15},"end":{"line":3,"column":29}},"2":{"start":{"line":5,"column":13},"end":{"line":16,"column":2}},"3":{"start":{"line":7,"column":18},"end":{"line":7,"column":53}},"4":{"start":{"line":8,"column":4},"end":{"line":8,"column":44}},"5":{"start":{"line":12,"column":4},"end":{"line":14,"column":7}}},"fnMap":{"0":{"name":"(anonymous_0)","decl":{"start":{"line":6,"column":2},"end":{"line":6,"column":7}},"loc":{"start":{"line":6,"column":23},"end":{"line":9,"column":3}}},"1":{"name":"(anonymous_1)","decl":{"start":{"line":11,"column":2},"end":{"line":11,"column":7}},"loc":{"start":{"line":11,"column":52},"end":{"line":15,"column":3}}}},"branchMap":{"0":{"loc":{"start":{"line":8,"column":11},"end":{"line":8,"column":43}},"type":"cond-expr","locations":[{"start":{"line":8,"column":19},"end":{"line":8,"column":36}},{"start":{"line":8,"column":39},"end":{"line":8,"column":43}}]},"1":{"loc":{"start":{"line":11,"column":36},"end":{"line":11,"column":52}},"type":"default-arg","locations":[{"start":{"line":11,"column":49},"end":{"line":11,"column":52}}]}},"s":{"0":0,"1":0,"2":0,"3":0,"4":0,"5":0},"f":{"0":0,"1":0},"b":{"0":[0,0],"1":[0]}}
,"/Users/adelekeayobami/Documents/Sycamore-test/src/repository/transactionLog.repo.ts": {"path":"/Users/adelekeayobami/Documents/Sycamore-test/src/repository/transactionLog.repo.ts","statementMap":{"0":{"start":{"line":1,"column":0},"end":{"line":1,"column":92}},"1":{"start":{"line":4,"column":13},"end":{"line":28,"column":2}},"2":{"start":{"line":6,"column":4},"end":{"line":6,"column":58}},"3":{"start":{"line":10,"column":4},"end":{"line":10,"column":59}},"4":{"start":{"line":15,"column":4},"end":{"line":15,"column":70}},"5":{"start":{"line":19,"column":4},"end":{"line":19,"column":80}},"6":{"start":{"line":23,"column":4},"end":{"line":26,"column":6}}},"fnMap":{"0":{"name":"(anonymous_0)","decl":{"start":{"line":5,"column":2},"end":{"line":5,"column":7}},"loc":{"start":{"line":5,"column":69},"end":{"line":7,"column":3}}},"1":{"name":"(anonymous_1)","decl":{"start":{"line":9,"column":0},"end":{"line":9,"column":5}},"loc":{"start":{"line":9,"column":42},"end":{"line":11,"column":3}}},"2":{"name":"(anonymous_2)","decl":{"start":{"line":14,"column":2},"end":{"line":14,"column":7}},"loc":{"start":{"line":14,"column":40},"end":{"line":16,"column":3}}},"3":{"name":"(anonymous_3)","decl":{"start":{"line":18,"column":2},"end":{"line":18,"column":7}},"loc":{"start":{"line":18,"column":77},"end":{"line":20,"column":3}}},"4":{"name":"(anonymous_4)","decl":{"start":{"line":22,"column":2},"end":{"line":22,"column":7}},"loc":{"start":{"line":22,"column":61},"end":{"line":27,"column":3}}}},"branchMap":{},"s":{"0":1,"1":1,"2":5,"3":3,"4":1,"5":3,"6":1},"f":{"0":5,"1":3,"2":1,"3":3,"4":1},"b":{}}
,"/Users/adelekeayobami/Documents/Sycamore-test/src/repository/wallets.repo.ts": {"path":"/Users/adelekeayobami/Documents/Sycamore-test/src/repository/wallets.repo.ts","statementMap":{"0":{"start":{"line":1,"column":0},"end":{"line":1,"column":43}},"1":{"start":{"line":4,"column":13},"end":{"line":15,"column":2}},"2":{"start":{"line":6,"column":4},"end":{"line":6,"column":73}},"3":{"start":{"line":10,"column":4},"end":{"line":13,"column":6}}},"fnMap":{"0":{"name":"(anonymous_0)","decl":{"start":{"line":5,"column":2},"end":{"line":5,"column":7}},"loc":{"start":{"line":5,"column":44},"end":{"line":7,"column":3}}},"1":{"name":"(anonymous_1)","decl":{"start":{"line":9,"column":2},"end":{"line":9,"column":7}},"loc":{"start":{"line":9,"column":68},"end":{"line":14,"column":3}}}},"branchMap":{},"s":{"0":1,"1":1,"2":8,"3":6},"f":{"0":8,"1":6},"b":{}}
,"/Users/adelekeayobami/Documents/Sycamore-test/src/routes/transfer.ts": {"path":"/Users/adelekeayobami/Documents/Sycamore-test/src/routes/transfer.ts","statementMap":{"0":{"start":{"line":1,"column":0},"end":{"line":1,"column":33}},"1":{"start":{"line":2,"column":0},"end":{"line":2,"column":71}},"2":{"start":{"line":4,"column":15},"end":{"line":4,"column":23}},"3":{"start":{"line":6,"column":0},"end":{"line":6,"column":45}},"4":{"start":{"line":8,"column":0},"end":{"line":8,"column":22}}},"fnMap":{},"branchMap":{},"s":{"0":0,"1":0,"2":0,"3":0,"4":0},"f":{},"b":{}}
,"/Users/adelekeayobami/Documents/Sycamore-test/src/services/transfer.service.ts": {"path":"/Users/adelekeayobami/Documents/Sycamore-test/src/services/transfer.service.ts","statementMap":{"0":{"start":{"line":242,"column":0},"end":{"line":242,"column":47}},"1":{"start":{"line":243,"column":0},"end":{"line":243,"column":56}},"2":{"start":{"line":244,"column":0},"end":{"line":244,"column":71}},"3":{"start":{"line":245,"column":0},"end":{"line":245,"column":59}},"4":{"start":{"line":254,"column":13},"end":{"line":351,"column":2}},"5":{"start":{"line":256,"column":65},"end":{"line":256,"column":70}},"6":{"start":{"line":259,"column":19},"end":{"line":259,"column":60}},"7":{"start":{"line":260,"column":4},"end":{"line":263,"column":5}},"8":{"start":{"line":261,"column":17},"end":{"line":261,"column":75}},"9":{"start":{"line":262,"column":6},"end":{"line":262,"column":24}},"10":{"start":{"line":262,"column":14},"end":{"line":262,"column":24}},"11":{"start":{"line":266,"column":19},"end":{"line":341,"column":6}},"12":{"start":{"line":269,"column":6},"end":{"line":297,"column":7}},"13":{"start":{"line":270,"column":8},"end":{"line":279,"column":10}},"14":{"start":{"line":281,"column":8},"end":{"line":296,"column":9}},"15":{"start":{"line":283,"column":27},"end":{"line":284,"column":null}},"16":{"start":{"line":286,"column":10},"end":{"line":289,"column":14}},"17":{"start":{"line":287,"column":12},"end":{"line":289,"column":14}},"18":{"start":{"line":290,"column":10},"end":{"line":290,"column":32}},"19":{"start":{"line":293,"column":10},"end":{"line":293,"column":65}},"20":{"start":{"line":293,"column":47},"end":{"line":293,"column":65}},"21":{"start":{"line":295,"column":10},"end":{"line":295,"column":20}},"22":{"start":{"line":300,"column":25},"end":{"line":300,"column":67}},"23":{"start":{"line":301,"column":23},"end":{"line":301,"column":63}},"24":{"start":{"line":303,"column":6},"end":{"line":310,"column":7}},"25":{"start":{"line":304,"column":8},"end":{"line":308,"column":10}},"26":{"start":{"line":309,"column":8},"end":{"line":309,"column":26}},"27":{"start":{"line":312,"column":6},"end":{"line":319,"column":7}},"28":{"start":{"line":313,"column":8},"end":{"line":317,"column":10}},"29":{"start":{"line":318,"column":8},"end":{"line":318,"column":26}},"30":{"start":{"line":322,"column":6},"end":{"line":326,"column":8}},"31":{"start":{"line":327,"column":6},"end":{"line":331,"column":8}},"32":{"start":{"line":336,"column":6},"end":{"line":336,"column":73}},"33":{"start":{"line":339,"column":25},"end":{"line":339,"column":76}},"34":{"start":{"line":340,"column":6},"end":{"line":340,"column":25}},"35":{"start":{"line":344,"column":4},"end":{"line":347,"column":7}},"36":{"start":{"line":349,"column":4},"end":{"line":349,"column":18}}},"fnMap":{"0":{"name":"(anonymous_0)","decl":{"start":{"line":255,"column":2},"end":{"line":255,"column":7}},"loc":{"start":{"line":255,"column":37},"end":{"line":350,"column":3}}},"1":{"name":"(anonymous_1)","decl":{"start":{"line":266,"column":47},"end":{"line":266,"column":52}},"loc":{"start":{"line":266,"column":59},"end":{"line":341,"column":5}}}},"branchMap":{"0":{"loc":{"start":{"line":260,"column":4},"end":{"line":263,"column":5}},"type":"if","locations":[{"start":{"line":260,"column":4},"end":{"line":263,"column":5}},{"start":{},"end":{}}]},"1":{"loc":{"start":{"line":262,"column":6},"end":{"line":262,"column":24}},"type":"if","locations":[{"start":{"line":262,"column":6},"end":{"line":262,"column":24}},{"start":{},"end":{}}]},"2":{"loc":{"start":{"line":281,"column":8},"end":{"line":296,"column":9}},"type":"if","locations":[{"start":{"line":281,"column":8},"end":{"line":296,"column":9}},{"start":{"line":294,"column":15},"end":{"line":296,"column":9}}]},"3":{"loc":{"start":{"line":286,"column":10},"end":{"line":289,"column":14}},"type":"if","locations":[{"start":{"line":286,"column":10},"end":{"line":289,"column":14}},{"start":{},"end":{}}]},"4":{"loc":{"start":{"line":293,"column":10},"end":{"line":293,"column":65}},"type":"if","locations":[{"start":{"line":293,"column":10},"end":{"line":293,"column":65}},{"start":{},"end":{}}]},"5":{"loc":{"start":{"line":303,"column":6},"end":{"line":310,"column":7}},"type":"if","locations":[{"start":{"line":303,"column":6},"end":{"line":310,"column":7}},{"start":{},"end":{}}]},"6":{"loc":{"start":{"line":303,"column":10},"end":{"line":303,"column":34}},"type":"binary-expr","locations":[{"start":{"line":303,"column":10},"end":{"line":303,"column":21}},{"start":{"line":303,"column":25},"end":{"line":303,"column":34}}]},"7":{"loc":{"start":{"line":312,"column":6},"end":{"line":319,"column":7}},"type":"if","locations":[{"start":{"line":312,"column":6},"end":{"line":319,"column":7}},{"start":{},"end":{}}]}},"s":{"0":1,"1":1,"2":1,"3":1,"4":1,"5":5,"6":5,"7":5,"8":0,"9":0,"10":0,"11":5,"12":5,"13":5,"14":1,"15":1,"16":1,"17":0,"18":1,"19":1,"20":1,"21":0,"22":4,"23":4,"24":4,"25":0,"26":0,"27":4,"28":1,"29":1,"30":3,"31":3,"32":3,"33":3,"34":3,"35":5,"36":5},"f":{"0":5,"1":5},"b":{"0":[0,5],"1":[0,0],"2":[1,0],"3":[0,1],"4":[1,0],"5":[0,4],"6":[4,4],"7":[1,3]}}
}
