{"/Users/adelekeayobami/Documents/Sycamore-test/src/app.ts": {"path":"/Users/adelekeayobami/Documents/Sycamore-test/src/app.ts","statementMap":{"0":{"start":{"line":1,"column":0},"end":{"line":1,"column":30}},"1":{"start":{"line":2,"column":0},"end":{"line":2,"column":46}},"2":{"start":{"line":4,"column":12},"end":{"line":4,"column":21}},"3":{"start":{"line":5,"column":0},"end":{"line":5,"column":24}},"4":{"start":{"line":6,"column":0},"end":{"line":6,"column":34}},"5":{"start":{"line":8,"column":0},"end":{"line":8,"column":19}}},"fnMap":{},"branchMap":{},"s":{"0":0,"1":0,"2":0,"3":0,"4":0,"5":0},"f":{},"b":{}}
,"/Users/adelekeayobami/Documents/Sycamore-test/src/server.ts": {"path":"/Users/adelekeayobami/Documents/Sycamore-test/src/server.ts","statementMap":{"0":{"start":{"line":1,"column":0},"end":{"line":1,"column":28}},"1":{"start":{"line":2,"column":0},"end":{"line":2,"column":16}},"2":{"start":{"line":4,"column":0},"end":{"line":4,"column":24}},"3":{"start":{"line":5,"column":0},"end":{"line":5,"column":46}},"4":{"start":{"line":6,"column":0},"end":{"line":6,"column":46}},"5":{"start":{"line":8,"column":13},"end":{"line":8,"column":37}},"6":{"start":{"line":10,"column":14},"end":{"line":18,"column":1}},"7":{"start":{"line":11,"column":2},"end":{"line":11,"column":20}},"8":{"start":{"line":13,"column":2},"end":{"line":13,"column":23}},"9":{"start":{"line":15,"column":2},"end":{"line":17,"column":5}},"10":{"start":{"line":16,"column":4},"end":{"line":16,"column":63}},"11":{"start":{"line":20,"column":0},"end":{"line":20,"column":8}}},"fnMap":{"0":{"name":"(anonymous_1)","decl":{"start":{"line":10,"column":14},"end":{"line":10,"column":19}},"loc":{"start":{"line":10,"column":25},"end":{"line":18,"column":1}}},"1":{"name":"(anonymous_2)","decl":{"start":{"line":15,"column":19},"end":{"line":15,"column":22}},"loc":{"start":{"line":15,"column":24},"end":{"line":17,"column":3}}}},"branchMap":{"0":{"loc":{"start":{"line":8,"column":13},"end":{"line":8,"column":37}},"type":"binary-expr","locations":[{"start":{"line":8,"column":13},"end":{"line":8,"column":29}},{"start":{"line":8,"column":33},"end":{"line":8,"column":37}}]}},"s":{"0":0,"1":0,"2":0,"3":0,"4":0,"5":0,"6":0,"7":0,"8":0,"9":0,"10":0,"11":0},"f":{"0":0,"1":0},"b":{"0":[0,0]}}
,"/Users/adelekeayobami/Documents/Sycamore-test/src/config/database.ts": {"path":"/Users/adelekeayobami/Documents/Sycamore-test/src/config/database.ts","statementMap":{"0":{"start":{"line":1,"column":0},"end":{"line":1,"column":38}},"1":{"start":{"line":2,"column":0},"end":{"line":2,"column":28}},"2":{"start":{"line":3,"column":0},"end":{"line":3,"column":24}},"3":{"start":{"line":5,"column":0},"end":{"line":5,"column":16}},"4":{"start":{"line":7,"column":12},"end":{"line":7,"column":49}},"5":{"start":{"line":9,"column":53},"end":{"line":11,"column":6}},"6":{"start":{"line":13,"column":13},"end":{"line":22,"column":3}},"7":{"start":{"line":23,"column":25},"end":{"line":31,"column":1}},"8":{"start":{"line":24,"column":2},"end":{"line":30,"column":3}},"9":{"start":{"line":25,"column":4},"end":{"line":25,"column":35}},"10":{"start":{"line":26,"column":4},"end":{"line":26,"column":52}},"11":{"start":{"line":28,"column":4},"end":{"line":28,"column":54}},"12":{"start":{"line":29,"column":4},"end":{"line":29,"column":20}},"13":{"start":{"line":23,"column":13},"end":{"line":23,"column":25}}},"fnMap":{"0":{"name":"(anonymous_1)","decl":{"start":{"line":23,"column":25},"end":{"line":23,"column":30}},"loc":{"start":{"line":23,"column":36},"end":{"line":31,"column":1}}}},"branchMap":{"0":{"loc":{"start":{"line":7,"column":12},"end":{"line":7,"column":49}},"type":"binary-expr","locations":[{"start":{"line":7,"column":12},"end":{"line":7,"column":32}},{"start":{"line":7,"column":36},"end":{"line":7,"column":49}}]}},"s":{"0":2,"1":2,"2":2,"3":2,"4":2,"5":2,"6":2,"7":2,"8":0,"9":0,"10":0,"11":0,"12":0,"13":2},"f":{"0":0},"b":{"0":[2,0]}}
,"/Users/adelekeayobami/Documents/Sycamore-test/src/config/redis.ts": {"path":"/Users/adelekeayobami/Documents/Sycamore-test/src/config/redis.ts","statementMap":{"0":{"start":{"line":1,"column":0},"end":{"line":1,"column":37}},"1":{"start":{"line":3,"column":13},"end":{"line":5,"column":3}},"2":{"start":{"line":7,"column":0},"end":{"line":9,"column":3}},"3":{"start":{"line":8,"column":2},"end":{"line":8,"column":43}},"4":{"start":{"line":11,"column":28},"end":{"line":16,"column":1}},"5":{"start":{"line":12,"column":2},"end":{"line":15,"column":3}},"6":{"start":{"line":13,"column":4},"end":{"line":13,"column":32}},"7":{"start":{"line":14,"column":4},"end":{"line":14,"column":48}},"8":{"start":{"line":11,"column":13},"end":{"line":11,"column":28}}},"fnMap":{"0":{"name":"(anonymous_0)","decl":{"start":{"line":7,"column":24},"end":{"line":7,"column":25}},"loc":{"start":{"line":7,"column":32},"end":{"line":9,"column":1}}},"1":{"name":"(anonymous_1)","decl":{"start":{"line":11,"column":28},"end":{"line":11,"column":33}},"loc":{"start":{"line":11,"column":39},"end":{"line":16,"column":1}}}},"branchMap":{"0":{"loc":{"start":{"line":12,"column":2},"end":{"line":15,"column":3}},"type":"if","locations":[{"start":{"line":12,"column":2},"end":{"line":15,"column":3}},{"start":{},"end":{}}]}},"s":{"0":0,"1":0,"2":0,"3":0,"4":0,"5":0,"6":0,"7":0,"8":0},"f":{"0":0,"1":0},"b":{"0":[0,0]}}
,"/Users/adelekeayobami/Documents/Sycamore-test/src/controller/transfer.controller.ts": {"path":"/Users/adelekeayobami/Documents/Sycamore-test/src/controller/transfer.controller.ts","statementMap":{"0":{"start":{"line":2,"column":0},"end":{"line":2,"column":63}},"1":{"start":{"line":4,"column":34},"end":{"line":11,"column":1}},"2":{"start":{"line":5,"column":2},"end":{"line":10,"column":3}},"3":{"start":{"line":6,"column":24},"end":{"line":6,"column":64}},"4":{"start":{"line":7,"column":4},"end":{"line":7,"column":45}},"5":{"start":{"line":9,"column":4},"end":{"line":9,"column":56}},"6":{"start":{"line":4,"column":13},"end":{"line":4,"column":34}}},"fnMap":{"0":{"name":"(anonymous_0)","decl":{"start":{"line":4,"column":34},"end":{"line":4,"column":39}},"loc":{"start":{"line":4,"column":72},"end":{"line":11,"column":1}}}},"branchMap":{},"s":{"0":0,"1":0,"2":0,"3":0,"4":0,"5":0,"6":0},"f":{"0":0},"b":{}}
,"/Users/adelekeayobami/Documents/Sycamore-test/src/middlewares/validate.ts": {"path":"/Users/adelekeayobami/Documents/Sycamore-test/src/middlewares/validate.ts","statementMap":{"0":{"start":{"line":5,"column":2},"end":{"line":21,"column":3}},"1":{"start":{"line":6,"column":2},"end":{"line":21,"column":3}},"2":{"start":{"line":7,"column":29},"end":{"line":10,"column":6}},"3":{"start":{"line":12,"column":4},"end":{"line":17,"column":5}},"4":{"start":{"line":13,"column":6},"end":{"line":16,"column":9}},"5":{"start":{"line":15,"column":42},"end":{"line":15,"column":51}},"6":{"start":{"line":19,"column":4},"end":{"line":19,"column":21}},"7":{"start":{"line":20,"column":4},"end":{"line":20,"column":11}},"8":{"start":{"line":4,"column":13},"end":{"line":4,"column":null}}},"fnMap":{"0":{"name":"(anonymous_0)","decl":{"start":{"line":5,"column":2},"end":{"line":5,"column":3}},"loc":{"start":{"line":6,"column":2},"end":{"line":21,"column":3}}},"1":{"name":"(anonymous_1)","decl":{"start":{"line":6,"column":2},"end":{"line":6,"column":3}},"loc":{"start":{"line":6,"column":54},"end":{"line":21,"column":3}}},"2":{"name":"(anonymous_2)","decl":{"start":{"line":15,"column":35},"end":{"line":15,"column":36}},"loc":{"start":{"line":15,"column":42},"end":{"line":15,"column":51}}}},"branchMap":{"0":{"loc":{"start":{"line":12,"column":4},"end":{"line":17,"column":5}},"type":"if","locations":[{"start":{"line":12,"column":4},"end":{"line":17,"column":5}},{"start":{},"end":{}}]}},"s":{"0":0,"1":0,"2":0,"3":0,"4":0,"5":0,"6":0,"7":0,"8":0},"f":{"0":0,"1":0,"2":0},"b":{"0":[0,0]}}
,"/Users/adelekeayobami/Documents/Sycamore-test/src/models/interestLedger.ts": {"path":"/Users/adelekeayobami/Documents/Sycamore-test/src/models/interestLedger.ts","statementMap":{"0":{"start":{"line":1,"column":0},"end":{"line":1,"column":45}},"1":{"start":{"line":2,"column":0},"end":{"line":2,"column":47}},"2":{"start":{"line":4,"column":0},"end":{"line":4,"column":13}},"3":{"start":{"line":17,"column":0},"end":{"line":62,"column":2}}},"fnMap":{},"branchMap":{},"s":{"0":1,"1":1,"2":1,"3":1},"f":{},"b":{}}
,"/Users/adelekeayobami/Documents/Sycamore-test/src/models/transactionLog.ts": {"path":"/Users/adelekeayobami/Documents/Sycamore-test/src/models/transactionLog.ts","statementMap":{"0":{"start":{"line":1,"column":0},"end":{"line":1,"column":55}},"1":{"start":{"line":2,"column":0},"end":{"line":2,"column":47}},"2":{"start":{"line":22,"column":0},"end":{"line":22,"column":13}},"3":{"start":{"line":37,"column":0},"end":{"line":91,"column":2}}},"fnMap":{},"branchMap":{},"s":{"0":1,"1":1,"2":1,"3":1},"f":{},"b":{}}
,"/Users/adelekeayobami/Documents/Sycamore-test/src/models/wallets.ts": {"path":"/Users/adelekeayobami/Documents/Sycamore-test/src/models/wallets.ts","statementMap":{"0":{"start":{"line":1,"column":0},"end":{"line":1,"column":55}},"1":{"start":{"line":2,"column":0},"end":{"line":2,"column":47}},"2":{"start":{"line":20,"column":0},"end":{"line":20,"column":13}},"3":{"start":{"line":32,"column":0},"end":{"line":81,"column":2}}},"fnMap":{},"branchMap":{},"s":{"0":2,"1":2,"2":2,"3":2},"f":{},"b":{}}
,"/Users/adelekeayobami/Documents/Sycamore-test/src/repository/redis.repo.ts": {"path":"/Users/adelekeayobami/Documents/Sycamore-test/src/repository/redis.repo.ts","statementMap":{"0":{"start":{"line":1,"column":0},"end":{"line":1,"column":46}},"1":{"start":{"line":3,"column":15},"end":{"line":3,"column":29}},"2":{"start":{"line":10,"column":13},"end":{"line":21,"column":2}},"3":{"start":{"line":12,"column":18},"end":{"line":12,"column":53}},"4":{"start":{"line":13,"column":4},"end":{"line":13,"column":44}},"5":{"start":{"line":17,"column":4},"end":{"line":19,"column":7}}},"fnMap":{"0":{"name":"(anonymous_0)","decl":{"start":{"line":11,"column":2},"end":{"line":11,"column":7}},"loc":{"start":{"line":11,"column":23},"end":{"line":14,"column":3}}},"1":{"name":"(anonymous_1)","decl":{"start":{"line":16,"column":2},"end":{"line":16,"column":7}},"loc":{"start":{"line":16,"column":66},"end":{"line":20,"column":3}}}},"branchMap":{"0":{"loc":{"start":{"line":13,"column":11},"end":{"line":13,"column":43}},"type":"cond-expr","locations":[{"start":{"line":13,"column":19},"end":{"line":13,"column":36}},{"start":{"line":13,"column":39},"end":{"line":13,"column":43}}]},"1":{"loc":{"start":{"line":16,"column":50},"end":{"line":16,"column":66}},"type":"default-arg","locations":[{"start":{"line":16,"column":63},"end":{"line":16,"column":66}}]}},"s":{"0":0,"1":0,"2":0,"3":0,"4":0,"5":0},"f":{"0":0,"1":0},"b":{"0":[0,0],"1":[0]}}
,"/Users/adelekeayobami/Documents/Sycamore-test/src/repository/transactionLog.repo.ts": {"path":"/Users/adelekeayobami/Documents/Sycamore-test/src/repository/transactionLog.repo.ts","statementMap":{"0":{"start":{"line":1,"column":0},"end":{"line":1,"column":92}},"1":{"start":{"line":4,"column":13},"end":{"line":28,"column":2}},"2":{"start":{"line":6,"column":4},"end":{"line":6,"column":58}},"3":{"start":{"line":10,"column":4},"end":{"line":10,"column":59}},"4":{"start":{"line":15,"column":4},"end":{"line":15,"column":70}},"5":{"start":{"line":19,"column":4},"end":{"line":19,"column":80}},"6":{"start":{"line":23,"column":4},"end":{"line":26,"column":6}}},"fnMap":{"0":{"name":"(anonymous_0)","decl":{"start":{"line":5,"column":2},"end":{"line":5,"column":7}},"loc":{"start":{"line":5,"column":69},"end":{"line":7,"column":3}}},"1":{"name":"(anonymous_1)","decl":{"start":{"line":9,"column":0},"end":{"line":9,"column":5}},"loc":{"start":{"line":9,"column":42},"end":{"line":11,"column":3}}},"2":{"name":"(anonymous_2)","decl":{"start":{"line":14,"column":2},"end":{"line":14,"column":7}},"loc":{"start":{"line":14,"column":40},"end":{"line":16,"column":3}}},"3":{"name":"(anonymous_3)","decl":{"start":{"line":18,"column":2},"end":{"line":18,"column":7}},"loc":{"start":{"line":18,"column":77},"end":{"line":20,"column":3}}},"4":{"name":"(anonymous_4)","decl":{"start":{"line":22,"column":2},"end":{"line":22,"column":7}},"loc":{"start":{"line":22,"column":63},"end":{"line":27,"column":3}}}},"branchMap":{},"s":{"0":1,"1":1,"2":4,"3":5,"4":0,"5":3,"6":1},"f":{"0":4,"1":5,"2":0,"3":3,"4":1},"b":{}}
,"/Users/adelekeayobami/Documents/Sycamore-test/src/repository/wallets.repo.ts": {"path":"/Users/adelekeayobami/Documents/Sycamore-test/src/repository/wallets.repo.ts","statementMap":{"0":{"start":{"line":1,"column":0},"end":{"line":1,"column":43}},"1":{"start":{"line":4,"column":13},"end":{"line":19,"column":2}},"2":{"start":{"line":7,"column":4},"end":{"line":10,"column":7}},"3":{"start":{"line":14,"column":4},"end":{"line":17,"column":6}}},"fnMap":{"0":{"name":"(anonymous_0)","decl":{"start":{"line":5,"column":2},"end":{"line":5,"column":7}},"loc":{"start":{"line":5,"column":44},"end":{"line":11,"column":3}}},"1":{"name":"(anonymous_1)","decl":{"start":{"line":13,"column":2},"end":{"line":13,"column":7}},"loc":{"start":{"line":13,"column":68},"end":{"line":18,"column":3}}}},"branchMap":{"0":{"loc":{"start":{"line":9,"column":12},"end":{"line":9,"column":37}},"type":"cond-expr","locations":[{"start":{"line":9,"column":16},"end":{"line":9,"column":29}},{"start":{"line":9,"column":32},"end":{"line":9,"column":37}}]}},"s":{"0":1,"1":1,"2":8,"3":6},"f":{"0":8,"1":6},"b":{"0":[8,0]}}
,"/Users/adelekeayobami/Documents/Sycamore-test/src/routes/transfer.ts": {"path":"/Users/adelekeayobami/Documents/Sycamore-test/src/routes/transfer.ts","statementMap":{"0":{"start":{"line":1,"column":0},"end":{"line":1,"column":33}},"1":{"start":{"line":2,"column":0},"end":{"line":2,"column":71}},"2":{"start":{"line":3,"column":0},"end":{"line":3,"column":51}},"3":{"start":{"line":4,"column":0},"end":{"line":4,"column":66}},"4":{"start":{"line":6,"column":15},"end":{"line":6,"column":23}},"5":{"start":{"line":8,"column":0},"end":{"line":8,"column":71}},"6":{"start":{"line":10,"column":0},"end":{"line":10,"column":22}}},"fnMap":{},"branchMap":{},"s":{"0":0,"1":0,"2":0,"3":0,"4":0,"5":0,"6":0},"f":{},"b":{}}
,"/Users/adelekeayobami/Documents/Sycamore-test/src/services/interest.service.ts": {"path":"/Users/adelekeayobami/Documents/Sycamore-test/src/services/interest.service.ts","statementMap":{"0":{"start":{"line":1,"column":0},"end":{"line":1,"column":25}},"1":{"start":{"line":2,"column":0},"end":{"line":2,"column":47}},"2":{"start":{"line":3,"column":0},"end":{"line":3,"column":43}},"3":{"start":{"line":4,"column":0},"end":{"line":4,"column":58}},"4":{"start":{"line":6,"column":20},"end":{"line":6,"column":25}},"5":{"start":{"line":8,"column":19},"end":{"line":10,"column":1}},"6":{"start":{"line":9,"column":2},"end":{"line":9,"column":66}},"7":{"start":{"line":13,"column":22},"end":{"line":15,"column":1}},"8":{"start":{"line":14,"column":2},"end":{"line":14,"column":52}},"9":{"start":{"line":17,"column":13},"end":{"line":64,"column":2}},"10":{"start":{"line":19,"column":4},"end":{"line":62,"column":7}},"11":{"start":{"line":20,"column":21},"end":{"line":20,"column":72}},"12":{"start":{"line":22,"column":6},"end":{"line":24,"column":7}},"13":{"start":{"line":23,"column":8},"end":{"line":23,"column":44}},"14":{"start":{"line":26,"column":20},"end":{"line":26,"column":30}},"15":{"start":{"line":27,"column":25},"end":{"line":27,"column":45}},"16":{"start":{"line":30,"column":28},"end":{"line":33,"column":32}},"17":{"start":{"line":36,"column":30},"end":{"line":37,"column":null}},"18":{"start":{"line":40,"column":6},"end":{"line":40,"column":58}},"19":{"start":{"line":41,"column":6},"end":{"line":41,"column":44}},"20":{"start":{"line":44,"column":6},"end":{"line":52,"column":8}},"21":{"start":{"line":54,"column":6},"end":{"line":61,"column":8}}},"fnMap":{"0":{"name":"(anonymous_1)","decl":{"start":{"line":8,"column":19},"end":{"line":8,"column":20}},"loc":{"start":{"line":8,"column":36},"end":{"line":10,"column":1}}},"1":{"name":"(anonymous_2)","decl":{"start":{"line":13,"column":22},"end":{"line":13,"column":23}},"loc":{"start":{"line":13,"column":37},"end":{"line":15,"column":1}}},"2":{"name":"(anonymous_3)","decl":{"start":{"line":18,"column":2},"end":{"line":18,"column":7}},"loc":{"start":{"line":18,"column":44},"end":{"line":63,"column":3}}},"3":{"name":"(anonymous_4)","decl":{"start":{"line":19,"column":33},"end":{"line":19,"column":38}},"loc":{"start":{"line":19,"column":45},"end":{"line":62,"column":5}}}},"branchMap":{"0":{"loc":{"start":{"line":9,"column":9},"end":{"line":9,"column":65}},"type":"binary-expr","locations":[{"start":{"line":9,"column":10},"end":{"line":9,"column":24}},{"start":{"line":9,"column":28},"end":{"line":9,"column":44}},{"start":{"line":9,"column":49},"end":{"line":9,"column":65}}]},"1":{"loc":{"start":{"line":14,"column":9},"end":{"line":14,"column":51}},"type":"cond-expr","locations":[{"start":{"line":14,"column":42},"end":{"line":14,"column":45}},{"start":{"line":14,"column":48},"end":{"line":14,"column":51}}]},"2":{"loc":{"start":{"line":22,"column":6},"end":{"line":24,"column":7}},"type":"if","locations":[{"start":{"line":22,"column":6},"end":{"line":24,"column":7}},{"start":{},"end":{}}]}},"s":{"0":1,"1":1,"2":1,"3":1,"4":1,"5":1,"6":2,"7":1,"8":2,"9":1,"10":3,"11":3,"12":3,"13":1,"14":2,"15":2,"16":2,"17":2,"18":2,"19":2,"20":2,"21":2},"f":{"0":2,"1":2,"2":3,"3":3},"b":{"0":[2,1,1],"1":[1,1],"2":[1,2]}}
,"/Users/adelekeayobami/Documents/Sycamore-test/src/services/transfer.service.ts": {"path":"/Users/adelekeayobami/Documents/Sycamore-test/src/services/transfer.service.ts","statementMap":{"0":{"start":{"line":1,"column":0},"end":{"line":1,"column":25}},"1":{"start":{"line":2,"column":0},"end":{"line":2,"column":47}},"2":{"start":{"line":3,"column":0},"end":{"line":3,"column":56}},"3":{"start":{"line":4,"column":0},"end":{"line":4,"column":71}},"4":{"start":{"line":5,"column":0},"end":{"line":5,"column":59}},"5":{"start":{"line":14,"column":13},"end":{"line":136,"column":2}},"6":{"start":{"line":16,"column":74},"end":{"line":16,"column":78}},"7":{"start":{"line":19,"column":4},"end":{"line":21,"column":5}},"8":{"start":{"line":20,"column":6},"end":{"line":20,"column":60}},"9":{"start":{"line":24,"column":23},"end":{"line":24,"column":64}},"10":{"start":{"line":25,"column":4},"end":{"line":30,"column":5}},"11":{"start":{"line":26,"column":26},"end":{"line":27,"column":null}},"12":{"start":{"line":29,"column":6},"end":{"line":29,"column":42}},"13":{"start":{"line":29,"column":23},"end":{"line":29,"column":42}},"14":{"start":{"line":33,"column":19},"end":{"line":126,"column":6}},"15":{"start":{"line":36,"column":6},"end":{"line":63,"column":7}},"16":{"start":{"line":39,"column":8},"end":{"line":48,"column":10}},"17":{"start":{"line":50,"column":8},"end":{"line":62,"column":9}},"18":{"start":{"line":52,"column":12},"end":{"line":52,"column":73}},"19":{"start":{"line":53,"column":10},"end":{"line":53,"column":76}},"20":{"start":{"line":53,"column":36},"end":{"line":53,"column":76}},"21":{"start":{"line":56,"column":10},"end":{"line":58,"column":11}},"22":{"start":{"line":57,"column":12},"end":{"line":57,"column":39}},"23":{"start":{"line":59,"column":10},"end":{"line":59,"column":54}},"24":{"start":{"line":61,"column":10},"end":{"line":61,"column":20}},"25":{"start":{"line":65,"column":25},"end":{"line":65,"column":69}},"26":{"start":{"line":66,"column":23},"end":{"line":66,"column":70}},"27":{"start":{"line":68,"column":6},"end":{"line":75,"column":7}},"28":{"start":{"line":69,"column":8},"end":{"line":73,"column":10}},"29":{"start":{"line":74,"column":8},"end":{"line":74,"column":37}},"30":{"start":{"line":78,"column":30},"end":{"line":78,"column":45}},"31":{"start":{"line":79,"column":28},"end":{"line":79,"column":55}},"32":{"start":{"line":80,"column":30},"end":{"line":80,"column":55}},"33":{"start":{"line":82,"column":6},"end":{"line":98,"column":7}},"34":{"start":{"line":83,"column":8},"end":{"line":87,"column":10}},"35":{"start":{"line":88,"column":34},"end":{"line":90,"column":null}},"36":{"start":{"line":93,"column":8},"end":{"line":95,"column":9}},"37":{"start":{"line":94,"column":10},"end":{"line":94,"column":53}},"38":{"start":{"line":97,"column":8},"end":{"line":97,"column":33}},"39":{"start":{"line":101,"column":31},"end":{"line":101,"column":78}},"40":{"start":{"line":102,"column":33},"end":{"line":104,"column":19}},"41":{"start":{"line":106,"column":6},"end":{"line":106,"column":74}},"42":{"start":{"line":107,"column":6},"end":{"line":107,"column":79}},"43":{"start":{"line":110,"column":6},"end":{"line":114,"column":8}},"44":{"start":{"line":116,"column":34},"end":{"line":118,"column":null}},"45":{"start":{"line":121,"column":6},"end":{"line":123,"column":7}},"46":{"start":{"line":122,"column":8},"end":{"line":122,"column":51}},"47":{"start":{"line":125,"column":6},"end":{"line":125,"column":33}},"48":{"start":{"line":129,"column":4},"end":{"line":132,"column":7}},"49":{"start":{"line":134,"column":4},"end":{"line":134,"column":18}}},"fnMap":{"0":{"name":"(anonymous_1)","decl":{"start":{"line":15,"column":2},"end":{"line":15,"column":7}},"loc":{"start":{"line":15,"column":35},"end":{"line":135,"column":3}}},"1":{"name":"(anonymous_2)","decl":{"start":{"line":33,"column":47},"end":{"line":33,"column":52}},"loc":{"start":{"line":33,"column":59},"end":{"line":126,"column":5}}}},"branchMap":{"0":{"loc":{"start":{"line":19,"column":4},"end":{"line":21,"column":5}},"type":"if","locations":[{"start":{"line":19,"column":4},"end":{"line":21,"column":5}},{"start":{},"end":{}}]},"1":{"loc":{"start":{"line":25,"column":4},"end":{"line":30,"column":5}},"type":"if","locations":[{"start":{"line":25,"column":4},"end":{"line":30,"column":5}},{"start":{},"end":{}}]},"2":{"loc":{"start":{"line":29,"column":6},"end":{"line":29,"column":42}},"type":"if","locations":[{"start":{"line":29,"column":6},"end":{"line":29,"column":42}},{"start":{},"end":{}}]},"3":{"loc":{"start":{"line":50,"column":8},"end":{"line":62,"column":9}},"type":"if","locations":[{"start":{"line":50,"column":8},"end":{"line":62,"column":9}},{"start":{"line":60,"column":15},"end":{"line":62,"column":9}}]},"4":{"loc":{"start":{"line":53,"column":10},"end":{"line":53,"column":76}},"type":"if","locations":[{"start":{"line":53,"column":10},"end":{"line":53,"column":76}},{"start":{},"end":{}}]},"5":{"loc":{"start":{"line":56,"column":10},"end":{"line":58,"column":11}},"type":"if","locations":[{"start":{"line":56,"column":10},"end":{"line":58,"column":11}},{"start":{},"end":{}}]},"6":{"loc":{"start":{"line":68,"column":6},"end":{"line":75,"column":7}},"type":"if","locations":[{"start":{"line":68,"column":6},"end":{"line":75,"column":7}},{"start":{},"end":{}}]},"7":{"loc":{"start":{"line":68,"column":10},"end":{"line":68,"column":34}},"type":"binary-expr","locations":[{"start":{"line":68,"column":10},"end":{"line":68,"column":21}},{"start":{"line":68,"column":25},"end":{"line":68,"column":34}}]},"8":{"loc":{"start":{"line":82,"column":6},"end":{"line":98,"column":7}},"type":"if","locations":[{"start":{"line":82,"column":6},"end":{"line":98,"column":7}},{"start":{},"end":{}}]},"9":{"loc":{"start":{"line":93,"column":8},"end":{"line":95,"column":9}},"type":"if","locations":[{"start":{"line":93,"column":8},"end":{"line":95,"column":9}},{"start":{},"end":{}}]},"10":{"loc":{"start":{"line":121,"column":6},"end":{"line":123,"column":7}},"type":"if","locations":[{"start":{"line":121,"column":6},"end":{"line":123,"column":7}},{"start":{},"end":{}}]}},"s":{"0":1,"1":1,"2":1,"3":1,"4":1,"5":1,"6":5,"7":5,"8":0,"9":5,"10":5,"11":1,"12":1,"13":1,"14":4,"15":4,"16":4,"17":0,"18":0,"19":0,"20":0,"21":0,"22":0,"23":0,"24":0,"25":4,"26":4,"27":4,"28":0,"29":0,"30":4,"31":4,"32":4,"33":4,"34":1,"35":1,"36":1,"37":0,"38":1,"39":3,"40":3,"41":3,"42":3,"43":3,"44":3,"45":3,"46":0,"47":3,"48":4,"49":4},"f":{"0":5,"1":4},"b":{"0":[0,5],"1":[1,4],"2":[1,0],"3":[0,0],"4":[0,0],"5":[0,0],"6":[0,4],"7":[4,4],"8":[1,3],"9":[0,1],"10":[0,3]}}
,"/Users/adelekeayobami/Documents/Sycamore-test/src/validators/transfer.validator.ts": {"path":"/Users/adelekeayobami/Documents/Sycamore-test/src/validators/transfer.validator.ts","statementMap":{"0":{"start":{"line":1,"column":0},"end":{"line":1,"column":22}},"1":{"start":{"line":3,"column":13},"end":{"line":21,"column":3}}},"fnMap":{},"branchMap":{},"s":{"0":0,"1":0},"f":{},"b":{}}
}
