TN:
SF:src/app.ts
FNF:0
FNH:0
DA:1,0
DA:2,0
DA:6,0
DA:7,0
DA:11,0
DA:12,0
DA:31,0
LF:7
LH:0
BRF:0
BRH:0
end_of_record
TN:
SF:src/server.ts
FN:12,(anonymous_1)
FN:19,(anonymous_2)
FNF:2
FNH:0
FNDA:0,(anonymous_1)
FNDA:0,(anonymous_2)
DA:1,0
DA:2,0
DA:4,0
DA:5,0
DA:6,0
DA:10,0
DA:12,0
DA:13,0
DA:16,0
DA:19,0
DA:20,0
DA:24,0
LF:12
LH:0
BRDA:10,0,0,0
BRDA:10,0,1,0
BRF:2
BRH:0
end_of_record
TN:
SF:src/config/database.ts
FN:26,(anonymous_1)
FNF:1
FNH:0
FNDA:0,(anonymous_1)
DA:1,1
DA:2,1
DA:3,1
DA:5,1
DA:8,1
DA:10,1
DA:15,1
DA:26,1
DA:27,0
DA:28,0
DA:29,0
DA:31,0
DA:32,0
LF:13
LH:8
BRDA:8,0,0,1
BRDA:8,0,1,0
BRF:2
BRH:1
end_of_record
TN:
SF:src/config/redis.ts
FN:7,(anonymous_0)
FN:11,(anonymous_1)
FNF:2
FNH:0
FNDA:0,(anonymous_0)
FNDA:0,(anonymous_1)
DA:1,0
DA:3,0
DA:7,0
DA:8,0
DA:11,0
DA:12,0
DA:13,0
DA:14,0
LF:8
LH:0
BRDA:12,0,0,0
BRDA:12,0,1,0
BRF:2
BRH:0
end_of_record
TN:
SF:src/controller/transfer.controller.ts
FN:4,(anonymous_0)
FNF:1
FNH:0
FNDA:0,(anonymous_0)
DA:2,0
DA:4,0
DA:5,0
DA:6,0
DA:8,0
DA:9,0
DA:12,0
DA:19,0
DA:21,0
LF:9
LH:0
BRDA:8,0,0,0
BRDA:8,0,1,0
BRDA:8,1,0,0
BRDA:8,1,1,0
BRDA:8,1,2,0
BRDA:8,1,3,0
BRF:6
BRH:0
end_of_record
TN:
SF:src/models/transactionlog.ts
FNF:0
FNH:0
DA:1,1
DA:2,1
DA:20,1
DA:34,1
LF:4
LH:4
BRF:0
BRH:0
end_of_record
TN:
SF:src/models/wallets.ts
FNF:0
FNH:0
DA:1,1
DA:2,1
DA:18,1
DA:29,1
LF:4
LH:4
BRF:0
BRH:0
end_of_record
TN:
SF:src/repository/redis.repo.ts
FN:6,(anonymous_0)
FN:11,(anonymous_1)
FNF:2
FNH:0
FNDA:0,(anonymous_0)
FNDA:0,(anonymous_1)
DA:1,0
DA:3,0
DA:5,0
DA:7,0
DA:8,0
DA:12,0
LF:6
LH:0
BRDA:8,0,0,0
BRDA:8,0,1,0
BRDA:11,1,0,0
BRF:3
BRH:0
end_of_record
TN:
SF:src/repository/transactionLog.repo.ts
FN:5,(anonymous_0)
FN:9,(anonymous_1)
FN:14,(anonymous_2)
FN:18,(anonymous_3)
FN:22,(anonymous_4)
FNF:5
FNH:5
FNDA:5,(anonymous_0)
FNDA:3,(anonymous_1)
FNDA:1,(anonymous_2)
FNDA:3,(anonymous_3)
FNDA:1,(anonymous_4)
DA:1,1
DA:4,1
DA:6,5
DA:10,3
DA:15,1
DA:19,3
DA:23,1
LF:7
LH:7
BRF:0
BRH:0
end_of_record
TN:
SF:src/repository/wallets.repo.ts
FN:5,(anonymous_0)
FN:9,(anonymous_1)
FNF:2
FNH:2
FNDA:8,(anonymous_0)
FNDA:6,(anonymous_1)
DA:1,1
DA:4,1
DA:6,8
DA:10,6
LF:4
LH:4
BRF:0
BRH:0
end_of_record
TN:
SF:src/routes/transfer.ts
FNF:0
FNH:0
DA:1,0
DA:2,0
DA:4,0
DA:6,0
DA:8,0
LF:5
LH:0
BRF:0
BRH:0
end_of_record
TN:
SF:src/services/transfer.service.ts
FN:255,(anonymous_0)
FN:266,(anonymous_1)
FNF:2
FNH:2
FNDA:5,(anonymous_0)
FNDA:5,(anonymous_1)
DA:242,1
DA:243,1
DA:244,1
DA:245,1
DA:254,1
DA:256,5
DA:259,5
DA:260,5
DA:261,0
DA:262,0
DA:266,5
DA:269,5
DA:270,5
DA:281,1
DA:283,1
DA:286,1
DA:287,0
DA:290,1
DA:293,1
DA:295,0
DA:300,4
DA:301,4
DA:303,4
DA:304,0
DA:309,0
DA:312,4
DA:313,1
DA:318,1
DA:322,3
DA:327,3
DA:336,3
DA:339,3
DA:340,3
DA:344,5
DA:349,5
LF:35
LH:29
BRDA:260,0,0,0
BRDA:260,0,1,5
BRDA:262,1,0,0
BRDA:262,1,1,0
BRDA:281,2,0,1
BRDA:281,2,1,0
BRDA:286,3,0,0
BRDA:286,3,1,1
BRDA:293,4,0,1
BRDA:293,4,1,0
BRDA:303,5,0,0
BRDA:303,5,1,4
BRDA:303,6,0,4
BRDA:303,6,1,4
BRDA:312,7,0,1
BRDA:312,7,1,3
BRF:16
BRH:9
end_of_record
