TN:
SF:src/app.ts
FNF:0
FNH:0
DA:1,0
DA:2,0
DA:4,0
DA:5,0
DA:6,0
DA:8,0
LF:6
LH:0
BRF:0
BRH:0
end_of_record
TN:
SF:src/server.ts
FN:10,(anonymous_1)
FN:15,(anonymous_2)
FNF:2
FNH:0
FNDA:0,(anonymous_1)
FNDA:0,(anonymous_2)
DA:1,0
DA:2,0
DA:4,0
DA:5,0
DA:6,0
DA:8,0
DA:10,0
DA:11,0
DA:13,0
DA:15,0
DA:16,0
DA:20,0
LF:12
LH:0
BRDA:8,0,0,0
BRDA:8,0,1,0
BRF:2
BRH:0
end_of_record
TN:
SF:src/config/database.ts
FN:23,(anonymous_1)
FNF:1
FNH:0
FNDA:0,(anonymous_1)
DA:1,2
DA:2,2
DA:3,2
DA:5,2
DA:7,2
DA:9,2
DA:13,2
DA:23,2
DA:24,0
DA:25,0
DA:26,0
DA:28,0
DA:29,0
LF:13
LH:8
BRDA:7,0,0,2
BRDA:7,0,1,0
BRF:2
BRH:1
end_of_record
TN:
SF:src/config/redis.ts
FN:7,(anonymous_0)
FN:11,(anonymous_1)
FNF:2
FNH:0
FNDA:0,(anonymous_0)
FNDA:0,(anonymous_1)
DA:1,0
DA:3,0
DA:7,0
DA:8,0
DA:11,0
DA:12,0
DA:13,0
DA:14,0
LF:8
LH:0
BRDA:12,0,0,0
BRDA:12,0,1,0
BRF:2
BRH:0
end_of_record
TN:
SF:src/controller/transfer.controller.ts
FN:4,(anonymous_0)
FNF:1
FNH:0
FNDA:0,(anonymous_0)
DA:2,0
DA:4,0
DA:5,0
DA:6,0
DA:7,0
DA:9,0
LF:6
LH:0
BRF:0
BRH:0
end_of_record
TN:
SF:src/middlewares/validate.ts
FN:5,(anonymous_0)
FN:6,(anonymous_1)
FN:15,(anonymous_2)
FNF:3
FNH:0
FNDA:0,(anonymous_0)
FNDA:0,(anonymous_1)
FNDA:0,(anonymous_2)
DA:4,0
DA:5,0
DA:6,0
DA:7,0
DA:12,0
DA:13,0
DA:15,0
DA:19,0
DA:20,0
LF:9
LH:0
BRDA:12,0,0,0
BRDA:12,0,1,0
BRF:2
BRH:0
end_of_record
TN:
SF:src/models/interestLedger.ts
FNF:0
FNH:0
DA:1,1
DA:2,1
DA:4,1
DA:17,1
LF:4
LH:4
BRF:0
BRH:0
end_of_record
TN:
SF:src/models/transactionLog.ts
FNF:0
FNH:0
DA:1,1
DA:2,1
DA:22,1
DA:37,1
LF:4
LH:4
BRF:0
BRH:0
end_of_record
TN:
SF:src/models/wallets.ts
FNF:0
FNH:0
DA:1,2
DA:2,2
DA:20,2
DA:32,2
LF:4
LH:4
BRF:0
BRH:0
end_of_record
TN:
SF:src/repository/redis.repo.ts
FN:11,(anonymous_0)
FN:16,(anonymous_1)
FNF:2
FNH:0
FNDA:0,(anonymous_0)
FNDA:0,(anonymous_1)
DA:1,0
DA:3,0
DA:10,0
DA:12,0
DA:13,0
DA:17,0
LF:6
LH:0
BRDA:13,0,0,0
BRDA:13,0,1,0
BRDA:16,1,0,0
BRF:3
BRH:0
end_of_record
TN:
SF:src/repository/transactionLog.repo.ts
FN:5,(anonymous_0)
FN:9,(anonymous_1)
FN:14,(anonymous_2)
FN:18,(anonymous_3)
FN:22,(anonymous_4)
FNF:5
FNH:4
FNDA:4,(anonymous_0)
FNDA:5,(anonymous_1)
FNDA:0,(anonymous_2)
FNDA:3,(anonymous_3)
FNDA:1,(anonymous_4)
DA:1,1
DA:4,1
DA:6,4
DA:10,5
DA:15,0
DA:19,3
DA:23,1
LF:7
LH:6
BRF:0
BRH:0
end_of_record
TN:
SF:src/repository/wallets.repo.ts
FN:5,(anonymous_0)
FN:13,(anonymous_1)
FNF:2
FNH:2
FNDA:8,(anonymous_0)
FNDA:6,(anonymous_1)
DA:1,1
DA:4,1
DA:7,8
DA:14,6
LF:4
LH:4
BRDA:9,0,0,8
BRDA:9,0,1,0
BRF:2
BRH:1
end_of_record
TN:
SF:src/routes/transfer.ts
FNF:0
FNH:0
DA:1,0
DA:2,0
DA:3,0
DA:4,0
DA:6,0
DA:8,0
DA:10,0
LF:7
LH:0
BRF:0
BRH:0
end_of_record
TN:
SF:src/services/interest.service.ts
FN:8,(anonymous_1)
FN:13,(anonymous_2)
FN:18,(anonymous_3)
FN:19,(anonymous_4)
FNF:4
FNH:4
FNDA:2,(anonymous_1)
FNDA:2,(anonymous_2)
FNDA:3,(anonymous_3)
FNDA:3,(anonymous_4)
DA:1,1
DA:2,1
DA:3,1
DA:4,1
DA:6,1
DA:8,1
DA:9,2
DA:13,1
DA:14,2
DA:17,1
DA:19,3
DA:20,3
DA:22,3
DA:23,1
DA:26,2
DA:27,2
DA:30,2
DA:36,2
DA:40,2
DA:41,2
DA:44,2
DA:54,2
LF:22
LH:22
BRDA:9,0,0,2
BRDA:9,0,1,1
BRDA:9,0,2,1
BRDA:14,1,0,1
BRDA:14,1,1,1
BRDA:22,2,0,1
BRDA:22,2,1,2
BRF:7
BRH:7
end_of_record
TN:
SF:src/services/transfer.service.ts
FN:15,(anonymous_1)
FN:33,(anonymous_2)
FNF:2
FNH:2
FNDA:5,(anonymous_1)
FNDA:4,(anonymous_2)
DA:1,1
DA:2,1
DA:3,1
DA:4,1
DA:5,1
DA:14,1
DA:16,5
DA:19,5
DA:20,0
DA:24,5
DA:25,5
DA:26,1
DA:29,1
DA:33,4
DA:36,4
DA:39,4
DA:50,0
DA:52,0
DA:53,0
DA:56,0
DA:57,0
DA:59,0
DA:61,0
DA:65,4
DA:66,4
DA:68,4
DA:69,0
DA:74,0
DA:78,4
DA:79,4
DA:80,4
DA:82,4
DA:83,1
DA:88,1
DA:93,1
DA:94,0
DA:97,1
DA:101,3
DA:102,3
DA:106,3
DA:107,3
DA:110,3
DA:116,3
DA:121,3
DA:122,0
DA:125,3
DA:129,4
DA:134,4
LF:48
LH:36
BRDA:19,0,0,0
BRDA:19,0,1,5
BRDA:25,1,0,1
BRDA:25,1,1,4
BRDA:29,2,0,1
BRDA:29,2,1,0
BRDA:50,3,0,0
BRDA:50,3,1,0
BRDA:53,4,0,0
BRDA:53,4,1,0
BRDA:56,5,0,0
BRDA:56,5,1,0
BRDA:68,6,0,0
BRDA:68,6,1,4
BRDA:68,7,0,4
BRDA:68,7,1,4
BRDA:82,8,0,1
BRDA:82,8,1,3
BRDA:93,9,0,0
BRDA:93,9,1,1
BRDA:121,10,0,0
BRDA:121,10,1,3
BRF:22
BRH:11
end_of_record
TN:
SF:src/validators/transfer.validator.ts
FNF:0
FNH:0
DA:1,0
DA:3,0
LF:2
LH:0
BRF:0
BRH:0
end_of_record
